Build started 30.12.2021 1:42:38.
     1>Project "C:\Users\Ladik\Desktop\lol\Extension\msvc10\SteamWorks.vcxproj" on node 2 (Build target(s)).
     1>ClCompile:
         C:\Program Files (x86)\Microsoft Visual Studio 11.0\VC\bin\CL.exe /c /I.. /I..\sdk /I\core /I\core\sourcehook /I\public /I\public\sourcepawn /I\public /I\public\tier0 /I\public\tier1 /I\public\steam /ZI /nologo /W3 /WX- /Od /Oy- /D WIN32 /D _DEBUG /D _WINDOWS /D _USRDLL /D SDK_EXPORTS /D _CRT_SECURE_NO_DEPRECATE /D SOURCEMOD_BUILD /D VERSION_SAFE_STEAM_API_INTERFACES /D _WINDLL /D _MBCS /Gm /EHsc /RTC1 /MTd /GS /fp:precise /Zc:wchar_t /Zc:forScope /GR- /Fo"Debug\\" /Fd"Debug\vc110.pdb" /Gd /TP /analyze- /errorReport:prompt ..\CDetour\detours.cpp ..\extension.cpp ..\gsnatives.cpp ..\sdk\smsdk_ext.cpp ..\ssnatives.cpp ..\swforwards.cpp ..\swgamedata.cpp ..\swgameserver.cpp ..\swgsdetours.cpp ..\swgshooks.cpp ..\swhttp.cpp ..\swhttprequest.cpp
         swhttprequest.cpp
     1>c:\users\ladik\desktop\lol\extension\swhttprequest.h(20): fatal error C1083: Cannot open include file: 'isteamgameserver.h': No such file or directory
         swhttp.cpp
     1>c:\users\ladik\desktop\lol\extension\swhttp.h(20): fatal error C1083: Cannot open include file: 'isteamgameserver.h': No such file or directory
         swgshooks.cpp
     1>c:\users\ladik\desktop\lol\extension\swgshooks.h(20): fatal error C1083: Cannot open include file: 'isteamgameserver.h': No such file or directory
         swgsdetours.cpp
     1>c:\users\ladik\desktop\lol\extension\sdk\smsdk_ext.h(41): fatal error C1083: Cannot open include file: 'IExtensionSys.h': No such file or directory
         swgameserver.cpp
     1>c:\users\ladik\desktop\lol\extension\sdk\smsdk_ext.h(41): fatal error C1083: Cannot open include file: 'IExtensionSys.h': No such file or directory
         swgamedata.cpp
     1>c:\users\ladik\desktop\lol\extension\sdk\smsdk_ext.h(41): fatal error C1083: Cannot open include file: 'IExtensionSys.h': No such file or directory
         swforwards.cpp
     1>c:\users\ladik\desktop\lol\extension\swforwards.h(20): fatal error C1083: Cannot open include file: 'isteamgameserver.h': No such file or directory
         ssnatives.cpp
     1>c:\users\ladik\desktop\lol\extension\sdk\smsdk_ext.h(41): fatal error C1083: Cannot open include file: 'IExtensionSys.h': No such file or directory
         smsdk_ext.cpp
     1>c:\users\ladik\desktop\lol\extension\sdk\smsdk_ext.h(41): fatal error C1083: Cannot open include file: 'IExtensionSys.h': No such file or directory
         gsnatives.cpp
     1>c:\users\ladik\desktop\lol\extension\sdk\smsdk_ext.h(41): fatal error C1083: Cannot open include file: 'IExtensionSys.h': No such file or directory
         extension.cpp
     1>c:\users\ladik\desktop\lol\extension\sdk\smsdk_ext.h(41): fatal error C1083: Cannot open include file: 'IExtensionSys.h': No such file or directory
         detours.cpp
     1>c:\users\ladik\desktop\lol\extension\sdk\smsdk_ext.h(41): fatal error C1083: Cannot open include file: 'IExtensionSys.h': No such file or directory
         Generating Code...
     1>Done Building Project "C:\Users\Ladik\Desktop\lol\Extension\msvc10\SteamWorks.vcxproj" (Build target(s)) -- FAILED.

Build FAILED.

Time Elapsed 00:00:00.42
